L:\USERS\ALI\DOCUMENTS\GIT\COURSEASSIGNMENT\CREAM SAMPLES\TCSPGENERATOR\DEBUG\.NETFRAMEWORK,VERSION=V4.0.ASSEMBLYATTRIBUTES.OBJ
L:\USERS\ALI\DOCUMENTS\GIT\COURSEASSIGNMENT\CREAM SAMPLES\TCSPGENERATOR\DEBUG\APP.RES
L:\USERS\ALI\DOCUMENTS\GIT\COURSEASSIGNMENT\CREAM SAMPLES\TCSPGENERATOR\DEBUG\ASSEMBLYINFO.OBJ
L:\Users\Ali\Documents\Git\CourseAssignment\Cream Samples\TCSPGenerator\Debug\cl.command.1.tlog
L:\Users\Ali\Documents\Git\CourseAssignment\Cream Samples\TCSPGenerator\Debug\CL.read.1.tlog
L:\Users\Ali\Documents\Git\CourseAssignment\Cream Samples\TCSPGenerator\Debug\CL.write.1.tlog
L:\USERS\ALI\DOCUMENTS\GIT\COURSEASSIGNMENT\CREAM SAMPLES\TCSPGENERATOR\DEBUG\GCCTCSP.EXE.INTERMEDIATE.MANIFEST
L:\USERS\ALI\DOCUMENTS\GIT\COURSEASSIGNMENT\CREAM SAMPLES\TCSPGENERATOR\DEBUG\GCCTCSP.PCH
L:\Users\Ali\Documents\Git\CourseAssignment\Cream Samples\TCSPGenerator\Debug\GCCTCSP.write.1.tlog
L:\Users\Ali\Documents\Git\CourseAssignment\Cream Samples\TCSPGenerator\Debug\link.7052.read.1.tlog
L:\Users\Ali\Documents\Git\CourseAssignment\Cream Samples\TCSPGenerator\Debug\link.7052.write.1.tlog
L:\Users\Ali\Documents\Git\CourseAssignment\Cream Samples\TCSPGenerator\Debug\link.7052-cvtres.read.1.tlog
L:\Users\Ali\Documents\Git\CourseAssignment\Cream Samples\TCSPGenerator\Debug\link.7052-cvtres.write.1.tlog
L:\Users\Ali\Documents\Git\CourseAssignment\Cream Samples\TCSPGenerator\Debug\link.command.1.tlog
L:\Users\Ali\Documents\Git\CourseAssignment\Cream Samples\TCSPGenerator\Debug\link.read.1.tlog
L:\Users\Ali\Documents\Git\CourseAssignment\Cream Samples\TCSPGenerator\Debug\link.write.1.tlog
L:\Users\Ali\Documents\Git\CourseAssignment\Cream Samples\TCSPGenerator\Debug\mt.command.1.tlog
L:\Users\Ali\Documents\Git\CourseAssignment\Cream Samples\TCSPGenerator\Debug\mt.read.1.tlog
L:\Users\Ali\Documents\Git\CourseAssignment\Cream Samples\TCSPGenerator\Debug\mt.write.1.tlog
L:\Users\Ali\Documents\Git\CourseAssignment\Cream Samples\TCSPGenerator\Debug\rc.command.1.tlog
L:\Users\Ali\Documents\Git\CourseAssignment\Cream Samples\TCSPGenerator\Debug\rc.read.1.tlog
L:\Users\Ali\Documents\Git\CourseAssignment\Cream Samples\TCSPGenerator\Debug\rc.write.1.tlog
L:\USERS\ALI\DOCUMENTS\GIT\COURSEASSIGNMENT\CREAM SAMPLES\TCSPGENERATOR\DEBUG\STDAFX.OBJ
L:\USERS\ALI\DOCUMENTS\GIT\COURSEASSIGNMENT\CREAM SAMPLES\TCSPGENERATOR\DEBUG\TCSPGENERATOR.OBJ
L:\USERS\ALI\DOCUMENTS\GIT\COURSEASSIGNMENT\CREAM SAMPLES\TCSPGENERATOR\DEBUG\VC100.PDB
L:\USERS\ALI\DOCUMENTS\GIT\COURSEASSIGNMENT\DEBUG\GCCTCSP.EXE
L:\USERS\ALI\DOCUMENTS\GIT\COURSEASSIGNMENT\DEBUG\GCCTCSP.ILK
L:\USERS\ALI\DOCUMENTS\GIT\COURSEASSIGNMENT\DEBUG\GCCTCSP.PDB
